# JRE version: OpenJDK Runtime Environment JBR-17.0.7+10-829.16-jcef (17.0.7+10) (build 17.0.7+10-b829.16)
# Java VM: OpenJDK 64-Bit Server VM JBR-17.0.7+10-829.16-jcef (17.0.7+10-b829.16, mixed mode, tiered, compressed oops, compressed class ptrs, g1 gc, windows-amd64)
GC Precious Log:
 CPUs: 8 total, 8 available
 Memory: 16082M
 Large Page Support: Disabled
 NUMA Support: Disabled
 Compressed Oops: Enabled (Zero based)
 Heap Region Size: 2M
 Heap Min Capacity: 8M
 Heap Initial Capacity: 252M
 Heap Max Capacity: 4022M
 Pre-touch: Disabled
 Parallel Workers: 8
 Concurrent Workers: 2
 Concurrent Refinement Workers: 8
 Periodic GC: Disabled
Heap:
 garbage-first heap   total 153600K, used 87992K [0x0000000704a00000, 0x0000000800000000)
  region size 2048K, 37 young (75776K), 1 survivors (2048K)
 Metaspace       used 37742K, committed 38080K, reserved 1114112K
  class space    used 3745K, committed 3904K, reserved 1048576K
GC Heap History (20 events):
Event: 577.072 GC heap before
{Heap before GC invocations=246 (full 1):
 garbage-first heap   total 153600K, used 104340K [0x0000000704a00000, 0x0000000800000000)
  region size 2048K, 45 young (92160K), 1 survivors (2048K)
 Metaspace       used 37709K, committed 38080K, reserved 1114112K
  class space    used 3739K, committed 3904K, reserved 1048576K
}
Event: 577.075 GC heap after
{Heap after GC invocations=247 (full 1):
 garbage-first heap   total 153600K, used 14231K [0x0000000704a00000, 0x0000000800000000)
  region size 2048K, 1 young (2048K), 1 survivors (2048K)
 Metaspace       used 37709K, committed 38080K, reserved 1114112K
  class space    used 3739K, committed 3904K, reserved 1048576K
}
Event: 579.735 GC heap before
{Heap before GC invocations=247 (full 1):
 garbage-first heap   total 153600K, used 104343K [0x0000000704a00000, 0x0000000800000000)
  region size 2048K, 45 young (92160K), 1 survivors (2048K)
 Metaspace       used 37709K, committed 38080K, reserved 1114112K
  class space    used 3739K, committed 3904K, reserved 1048576K
}
Event: 579.737 GC heap after
{Heap after GC invocations=248 (full 1):
 garbage-first heap   total 153600K, used 14208K [0x0000000704a00000, 0x0000000800000000)
  region size 2048K, 1 young (2048K), 1 survivors (2048K)
 Metaspace       used 37709K, committed 38080K, reserved 1114112K
  class space    used 3739K, committed 3904K, reserved 1048576K
}
Event: 582.338 GC heap before
{Heap before GC invocations=248 (full 1):
 garbage-first heap   total 153600K, used 104320K [0x0000000704a00000, 0x0000000800000000)
  region size 2048K, 45 young (92160K), 1 survivors (2048K)
 Metaspace       used 37709K, committed 38080K, reserved 1114112K
  class space    used 3739K, committed 3904K, reserved 1048576K
}
Event: 582.341 GC heap after
{Heap after GC invocations=249 (full 1):
 garbage-first heap   total 153600K, used 14208K [0x0000000704a00000, 0x0000000800000000)
  region size 2048K, 1 young (2048K), 1 survivors (2048K)
 Metaspace       used 37709K, committed 38080K, reserved 1114112K
  class space    used 3739K, committed 3904K, reserved 1048576K
}
Event: 586.119 GC heap before
{Heap before GC invocations=249 (full 1):
 garbage-first heap   total 153600K, used 102272K [0x0000000704a00000, 0x0000000800000000)
  region size 2048K, 45 young (92160K), 1 survivors (2048K)
 Metaspace       used 37709K, committed 38080K, reserved 1114112K
  class space    used 3739K, committed 3904K, reserved 1048576K
}
Event: 586.122 GC heap after
{Heap after GC invocations=250 (full 1):
 garbage-first heap   total 153600K, used 14231K [0x0000000704a00000, 0x0000000800000000)
  region size 2048K, 1 young (2048K), 1 survivors (2048K)
 Metaspace       used 37709K, committed 38080K, reserved 1114112K
  class space    used 3739K, committed 3904K, reserved 1048576K
}
Event: 586.772 GC heap before
{Heap before GC invocations=250 (full 1):
 garbage-first heap   total 153600K, used 104343K [0x0000000704a00000, 0x0000000800000000)
  region size 2048K, 45 young (92160K), 1 survivors (2048K)
 Metaspace       used 37709K, committed 38080K, reserved 1114112K
  class space    used 3739K, committed 3904K, reserved 1048576K
}
Event: 586.775 GC heap after
{Heap after GC invocations=251 (full 1):
 garbage-first heap   total 153600K, used 14250K [0x0000000704a00000, 0x0000000800000000)
  region size 2048K, 1 young (2048K), 1 survivors (2048K)
 Metaspace       used 37709K, committed 38080K, reserved 1114112K
  class space    used 3739K, committed 3904K, reserved 1048576K
}
Event: 587.436 GC heap before
{Heap before GC invocations=251 (full 1):
 garbage-first heap   total 153600K, used 104362K [0x0000000704a00000, 0x0000000800000000)
  region size 2048K, 45 young (92160K), 1 survivors (2048K)
 Metaspace       used 37709K, committed 38080K, reserved 1114112K
  class space    used 3739K, committed 3904K, reserved 1048576K
}
Event: 587.438 GC heap after
{Heap after GC invocations=252 (full 1):
 garbage-first heap   total 153600K, used 14248K [0x0000000704a00000, 0x0000000800000000)
  region size 2048K, 1 young (2048K), 1 survivors (2048K)
 Metaspace       used 37709K, committed 38080K, reserved 1114112K
  class space    used 3739K, committed 3904K, reserved 1048576K
}
Event: 588.100 GC heap before
{Heap before GC invocations=252 (full 1):
 garbage-first heap   total 153600K, used 104360K [0x0000000704a00000, 0x0000000800000000)
  region size 2048K, 45 young (92160K), 1 survivors (2048K)
 Metaspace       used 37709K, committed 38080K, reserved 1114112K
  class space    used 3739K, committed 3904K, reserved 1048576K
}
Event: 588.101 GC heap after
{Heap after GC invocations=253 (full 1):
 garbage-first heap   total 153600K, used 14261K [0x0000000704a00000, 0x0000000800000000)
  region size 2048K, 1 young (2048K), 1 survivors (2048K)
 Metaspace       used 37709K, committed 38080K, reserved 1114112K
  class space    used 3739K, committed 3904K, reserved 1048576K
}
Event: 589.018 GC heap before
{Heap before GC invocations=253 (full 1):
 garbage-first heap   total 153600K, used 104373K [0x0000000704a00000, 0x0000000800000000)
  region size 2048K, 45 young (92160K), 1 survivors (2048K)
 Metaspace       used 37709K, committed 38080K, reserved 1114112K
  class space    used 3739K, committed 3904K, reserved 1048576K
}
Event: 589.019 GC heap after
{Heap after GC invocations=254 (full 1):
 garbage-first heap   total 153600K, used 14271K [0x0000000704a00000, 0x0000000800000000)
  region size 2048K, 1 young (2048K), 1 survivors (2048K)
 Metaspace       used 37709K, committed 38080K, reserved 1114112K
  class space    used 3739K, committed 3904K, reserved 1048576K
}
Event: 589.672 GC heap before
{Heap before GC invocations=254 (full 1):
 garbage-first heap   total 153600K, used 104383K [0x0000000704a00000, 0x0000000800000000)
  region size 2048K, 45 young (92160K), 1 survivors (2048K)
 Metaspace       used 37709K, committed 38080K, reserved 1114112K
  class space    used 3739K, committed 3904K, reserved 1048576K
}
Event: 589.674 GC heap after
{Heap after GC invocations=255 (full 1):
 garbage-first heap   total 153600K, used 14277K [0x0000000704a00000, 0x0000000800000000)
  region size 2048K, 1 young (2048K), 1 survivors (2048K)
 Metaspace       used 37709K, committed 38080K, reserved 1114112K
  class space    used 3739K, committed 3904K, reserved 1048576K
}
Event: 590.334 GC heap before
{Heap before GC invocations=255 (full 1):
 garbage-first heap   total 153600K, used 104389K [0x0000000704a00000, 0x0000000800000000)
  region size 2048K, 45 young (92160K), 1 survivors (2048K)
 Metaspace       used 37709K, committed 38080K, reserved 1114112K
  class space    used 3739K, committed 3904K, reserved 1048576K
}
Event: 590.336 GC heap after
{Heap after GC invocations=256 (full 1):
 garbage-first heap   total 153600K, used 14264K [0x0000000704a00000, 0x0000000800000000)
  region size 2048K, 1 young (2048K), 1 survivors (2048K)
 Metaspace       used 37709K, committed 38080K, reserved 1114112K
  class space    used 3739K, committed 3904K, reserved 1048576K
}

